[debug] [2021-07-27T17:08:07.579Z] ----------------------------------------------------------------------
[debug] [2021-07-27T17:08:07.581Z] Command:       C:\Program Files\nodejs\node.exe C:\Users\Alexander\AppData\Roaming\npm\node_modules\firebase-tools\lib\bin\firebase.js init
[debug] [2021-07-27T17:08:07.582Z] CLI Version:   9.16.0
[debug] [2021-07-27T17:08:07.582Z] Platform:      win32
[debug] [2021-07-27T17:08:07.582Z] Node Version:  v14.17.3
[debug] [2021-07-27T17:08:07.583Z] Time:          Tue Jul 27 2021 14:08:07 GMT-0300 (Horário Padrão de Brasília)
[debug] [2021-07-27T17:08:07.583Z] ----------------------------------------------------------------------
[debug] 
[debug] [2021-07-27T17:08:07.628Z] > command requires scopes: ["email","openid","https://www.googleapis.com/auth/cloudplatformprojects.readonly","https://www.googleapis.com/auth/firebase","https://www.googleapis.com/auth/cloud-platform"]
[debug] [2021-07-27T17:08:07.629Z] > authorizing via signed-in user (alexandersilva436@gmail.com)
[info] 
     ######## #### ########  ######## ########     ###     ######  ########
     ##        ##  ##     ## ##       ##     ##  ##   ##  ##       ##
     ######    ##  ########  ######   ########  #########  ######  ######
     ##        ##  ##    ##  ##       ##     ## ##     ##       ## ##
     ##       #### ##     ## ######## ########  ##     ##  ######  ########

You're about to initialize a Firebase project in this directory:

  X:\Class\letmeask

Before we get started, keep in mind:

  * You are initializing within an existing Firebase project directory

[info] 
=== Project Setup
[info] 
[info] First, let's associate this project directory with a Firebase project.
[info] You can create multiple project aliases by running firebase use --add, 
[info] but for now we'll just set up a default project.
[info] 
[info] i  .firebaserc already has a default project, using letmeask-aulas. 
[debug] [2021-07-27T17:08:16.635Z] >>> [apiv2][query] GET https://firebase.googleapis.com/v1beta1/projects/letmeask-aulas [none]
[debug] [2021-07-27T17:08:17.708Z] <<< [apiv2][status] GET https://firebase.googleapis.com/v1beta1/projects/letmeask-aulas 403
[debug] [2021-07-27T17:08:17.708Z] <<< [apiv2][body] GET https://firebase.googleapis.com/v1beta1/projects/letmeask-aulas {"error":{"code":403,"message":"The caller does not have permission","status":"PERMISSION_DENIED"}}
[debug] [2021-07-27T17:08:17.708Z] HTTP Error: 403, The caller does not have permission
[debug] [2021-07-27T17:08:17.868Z] FirebaseError: HTTP Error: 403, The caller does not have permission
    at module.exports (C:\Users\Alexander\AppData\Roaming\npm\node_modules\firebase-tools\lib\responseToError.js:38:12)
    at Client.doRequest (C:\Users\Alexander\AppData\Roaming\npm\node_modules\firebase-tools\lib\apiv2.js:238:23)
    at processTicksAndRejections (internal/process/task_queues.js:95:5)
    at async Client.request (C:\Users\Alexander\AppData\Roaming\npm\node_modules\firebase-tools\lib\apiv2.js:96:20)
    at async Object.getFirebaseProject (C:\Users\Alexander\AppData\Roaming\npm\node_modules\firebase-tools\lib\management\projects.js:290:21)
    at async Object.doSetup [as project] (C:\Users\Alexander\AppData\Roaming\npm\node_modules\firebase-tools\lib\init\features\project.js:77:27)
    at async init (C:\Users\Alexander\AppData\Roaming\npm\node_modules\firebase-tools\lib\init\index.js:19:9)
[error] 
[error] Error: Failed to get Firebase project letmeask-aulas. Please make sure the project exists and your account has permission to access it.
